<?xml version="1.0" encoding="UTF-8"?>
<!-- Generated by org.testng.reporters.JUnitReportReporter -->
<testsuite hostname="DESKTOP-C09DSQO" failures="0" tests="18" name="com.Equarz.Testcases.HomelinkTest" time="15.951" errors="0" timestamp="2023-09-27T13:00:50 IST" skipped="0">
  <testcase classname="com.Equarz.Testcases.HomelinkTest" name="phone" time="0.142"/>
  <testcase classname="com.Equarz.Testcases.HomelinkTest" name="refundpolicy" time="0.749"/>
  <testcase classname="com.Equarz.Testcases.HomelinkTest" name="twitter" time="0.105"/>
  <testcase classname="com.Equarz.Testcases.HomelinkTest" name="supportticket" time="0.852"/>
  <testcase classname="com.Equarz.Testcases.HomelinkTest" name="trackorder" time="0.759"/>
  <testcase classname="com.Equarz.Testcases.HomelinkTest" name="facebook" time="0.112"/>
  <testcase classname="com.Equarz.Testcases.HomelinkTest" name="google" time="0.100"/>
  <testcase classname="com.Equarz.Testcases.HomelinkTest" name="cancellation" time="0.934"/>
  <testcase classname="com.Equarz.Testcases.HomelinkTest" name="sellingproducts" time="1.615"/>
  <testcase classname="com.Equarz.Testcases.HomelinkTest" name="search" time="1.413"/>
  <testcase classname="com.Equarz.Testcases.HomelinkTest" name="linkedin" time="0.113"/>
  <testcase classname="com.Equarz.Testcases.HomelinkTest" name="mail" time="0.095"/>
  <testcase classname="com.Equarz.Testcases.HomelinkTest" name="profileinfo" time="3.369"/>
  <testcase classname="com.Equarz.Testcases.HomelinkTest" name="insta" time="0.098"/>
  <testcase classname="com.Equarz.Testcases.HomelinkTest" name="latestproduct" time="3.480"/>
  <testcase classname="com.Equarz.Testcases.HomelinkTest" name="returnpolicy" time="0.662"/>
  <testcase classname="com.Equarz.Testcases.HomelinkTest" name="toprated" time="1.241"/>
  <testcase classname="com.Equarz.Testcases.HomelinkTest" name="pinterest" time="0.112"/>
</testsuite> <!-- com.Equarz.Testcases.HomelinkTest -->
