<?xml version="1.0" encoding="UTF-8"?>
<!-- Generated by org.testng.reporters.JUnitReportReporter -->
<testsuite hostname="DESKTOP-C09DSQO" failures="0" tests="1" name="com.Equarz.Testcases.BuynowTest" time="52.951" errors="0" timestamp="2023-09-27T12:59:14 IST" skipped="0">
  <testcase classname="com.Equarz.Testcases.BuynowTest" name="buy" time="52.951"/>
</testsuite> <!-- com.Equarz.Testcases.BuynowTest -->
