<?xml version="1.0" encoding="UTF-8"?>
<!-- Generated by org.testng.reporters.JUnitReportReporter -->
<testsuite hostname="DESKTOP-C09DSQO" failures="0" tests="1" name="com.Equarz.Testcases.EditProfileTest" time="5.444" errors="0" timestamp="2023-10-03T14:12:15 IST" skipped="0">
  <testcase classname="com.Equarz.Testcases.EditProfileTest" name="search" time="5.444"/>
</testsuite> <!-- com.Equarz.Testcases.EditProfileTest -->
