<?xml version="1.0" encoding="UTF-8"?>
<!-- Generated by org.testng.reporters.JUnitReportReporter -->
<testsuite hostname="DESKTOP-C09DSQO" failures="0" tests="3" name="com.Equarz.Testcases.AddressTest" time="13.691" errors="0" timestamp="2023-09-29T11:48:33 IST" skipped="0">
  <testcase classname="com.Equarz.Testcases.AddressTest" name="addaddress" time="4.718"/>
  <testcase classname="com.Equarz.Testcases.AddressTest" name="editaddress" time="4.099"/>
  <testcase classname="com.Equarz.Testcases.AddressTest" name="deleteaddress" time="4.874"/>
</testsuite> <!-- com.Equarz.Testcases.AddressTest -->
