<?xml version="1.0" encoding="UTF-8"?>
<!-- Generated by org.testng.reporters.JUnitReportReporter -->
<testsuite hostname="DESKTOP-C09DSQO" failures="0" tests="1" name="com.Equarz.Testcases.SearchTest" time="17.848" errors="0" timestamp="2023-09-26T17:41:52 IST" skipped="0">
  <testcase classname="com.Equarz.Testcases.SearchTest" name="search" time="17.848"/>
</testsuite> <!-- com.Equarz.Testcases.SearchTest -->
