<?xml version="1.0" encoding="UTF-8"?>
<!-- Generated by org.testng.reporters.JUnitReportReporter -->
<testsuite hostname="DESKTOP-C09DSQO" failures="0" tests="3" name="com.Equarz.Testcases.AddressTest" time="22.779" errors="0" timestamp="2023-09-29T17:25:51 IST" skipped="0">
  <testcase classname="com.Equarz.Testcases.AddressTest" name="addaddress" time="16.371"/>
  <testcase classname="com.Equarz.Testcases.AddressTest" name="editaddress" time="1.816"/>
  <testcase classname="com.Equarz.Testcases.AddressTest" name="deleteaddress" time="4.592"/>
</testsuite> <!-- com.Equarz.Testcases.AddressTest -->
